<?xml version="1.0" encoding="UTF-8"?>
<!-- Generated by org.testng.reporters.JUnitXMLReporter -->
<testsuite ignored="16" hostname="LTIN219977" failures="1" tests="39" name="smoke" time="620.835" errors="0" timestamp="2021-10-11T14:58:34 IST">
  <testcase classname="com.defects.tests.LoginTest" name="Login" time="8.427"/>
  <testcase classname="com.defects.tests.LoginTest" name="navigateToDefectsPage" time="14.556"/>
  <testcase classname="com.defects.tests.AddDefectTest" name="openAddDefectPage" time="5.456"/>
  <testcase classname="com.defects.tests.AddDefectTest" name="fillDetails" time="56.77"/>
  <testcase classname="com.defects.tests.CommentsTest" name="navigateToCommentsTab" time="32.657"/>
  <testcase classname="com.defects.tests.CommentsTest" name="postComment" time="3.026"/>
  <testcase classname="com.defects.tests.CommentsTest" name="replyComment" time="3.042"/>
  <testcase classname="com.defects.tests.AttachmentsTest" name="attachmentsTabNavigate" time="31.819"/>
  <testcase classname="com.defects.tests.AttachmentsTest" name="test" time="0.091"/>
  <testcase classname="com.defects.tests.AttachmentsTest" name="test" time="0.072"/>
  <testcase classname="com.defects.tests.AttachmentsTest" name="test" time="1.753"/>
  <testcase classname="com.defects.tests.AttachmentsTest" name="test" time="0.052"/>
  <testcase classname="com.defects.tests.AttachmentsTest" name="test" time="1.376"/>
  <testcase classname="com.defects.tests.AttachmentsTest" name="test" time="0.764"/>
  <testcase classname="com.defects.tests.AttachmentsTest" name="test" time="0.822"/>
  <testcase classname="com.defects.tests.AttachmentsTest" name="test" time="0.064"/>
  <testcase classname="com.defects.tests.AttachmentsTest" name="test" time="1.465"/>
  <testcase classname="com.defects.tests.AttachmentsTest" name="test" time="0.077"/>
  <testcase classname="com.defects.tests.AttachmentsTest" name="test" time="1.414"/>
  <testcase classname="com.defects.tests.AttachmentsTest" name="test" time="0.073"/>
  <testcase classname="com.defects.tests.AttachmentsTest" name="singleAttachmentDelete" time="14.491"/>
  <testcase classname="com.defects.tests.AttachmentsTest" name="allAttachmentDelete" time="5.514"/>
  <testcase classname="com.defects.tests.PreviousVersionsTest" name="navigateToPreviousVersions" time="32.786"/>
  <testcase classname="com.defects.tests.PreviousVersionsTest" name="invalidVersionDifference" time="2.712"/>
  <testcase classname="com.defects.tests.PreviousVersionsTest" name="VersionDifference" time="18.233"/>
  <testcase classname="com.defects.tests.WorkFlowTest" name="assignParticipants" time="32.16"/>
  <testcase classname="com.defects.tests.WorkFlowTest" name="RouteToPerformer" time="26.62"/>
  <testcase classname="com.defects.tests.WorkFlowTest" name="RouteToApprover" time="82.24"/>
  <testcase classname="com.defects.tests.WorkFlowTest" name="closeDefect" time="67.833"/>
  <testcase classname="com.defects.tests.FiltersTest" name="defectHomePageFunctionalities" time="15.643"/>
  <testcase classname="com.defects.tests.FiltersTest" name="CreateInvalidFilter" time="5.763"/>
  <testcase classname="com.defects.tests.FiltersTest" name="CreateFilter" time="6.298"/>
  <testcase classname="com.defects.tests.FiltersTest" name="EditFilter" time="6.914"/>
  <testcase classname="com.defects.tests.FiltersTest" name="clearFilter" time="1.034"/>
  <testcase classname="com.defects.tests.TableViewTest" name="createInvalidTable" time="2.408"/>
  <testcase classname="com.defects.tests.TableViewTest" name="createValidTable" time="3.473"/>
  <testcase classname="com.defects.tests.TableViewTest" name="EditTable" time="5.429"/>
  <testcase classname="com.defects.tests.SortAndSearchTest" name="sortTest" time="30.52">
    <failure type="org.openqa.selenium.NoSuchElementException" message="no such element: Unable to locate element: {&amp;quot;method&amp;quot;:&amp;quot;xpath&amp;quot;,&amp;quot;selector&amp;quot;:&amp;quot;/html/body/div[13]/div[2]/div/div[2]/div/div/a[1]/span/span/span[2]&amp;quot;}
  (Session info: MicrosoftEdge=94.0.992.38)
For documentation on this error, please visit: https://www.seleniumhq.org/exceptions/no_such_element.html
Build info: version: &amp;apos;3.141.59&amp;apos;, revision: &amp;apos;e82be7d358&amp;apos;, time: &amp;apos;2018-11-14T08:17:03&amp;apos;
System info: host: &amp;apos;LTIN219977&amp;apos;, ip: &amp;apos;10.175.207.234&amp;apos;, os.name: &amp;apos;Windows 10&amp;apos;, os.arch: &amp;apos;amd64&amp;apos;, os.version: &amp;apos;10.0&amp;apos;, java.version: &amp;apos;16.0.1&amp;apos;
Driver info: org.openqa.selenium.edge.EdgeDriver
Capabilities {acceptInsecureCerts: false, browserName: msedge, browserVersion: 94.0.992.38, javascriptEnabled: true, ms:edgeOptions: {debuggerAddress: localhost:55508}, msedge: {msedgedriverVersion: 94.0.992.38 (55a0a486d5c4c1..., userDataDir: C:\Users\922137\AppData\Loc...}, networkConnectionEnabled: false, pageLoadStrategy: normal, platform: WINDOWS, platformName: WINDOWS, proxy: Proxy(), setWindowRect: true, strictFileInteractability: false, timeouts: {implicit: 0, pageLoad: 300000, script: 30000}, unhandledPromptBehavior: dismiss and notify, webauthn:extension:credBlob: true, webauthn:extension:largeBlob: true, webauthn:virtualAuthenticators: true}
Session ID: 45f2387ba879a426fd50254ceb92014a
*** Element info: {Using=xpath, value=/html/body/div[13]/div[2]/div/div[2]/div/div/a[1]/span/span/span[2]}">
      <![CDATA[org.openqa.selenium.NoSuchElementException: no such element: Unable to locate element: {"method":"xpath","selector":"/html/body/div[13]/div[2]/div/div[2]/div/div/a[1]/span/span/span[2]"}
  (Session info: MicrosoftEdge=94.0.992.38)
For documentation on this error, please visit: https://www.seleniumhq.org/exceptions/no_such_element.html
Build info: version: '3.141.59', revision: 'e82be7d358', time: '2018-11-14T08:17:03'
System info: host: 'LTIN219977', ip: '10.175.207.234', os.name: 'Windows 10', os.arch: 'amd64', os.version: '10.0', java.version: '16.0.1'
Driver info: org.openqa.selenium.edge.EdgeDriver
Capabilities {acceptInsecureCerts: false, browserName: msedge, browserVersion: 94.0.992.38, javascriptEnabled: true, ms:edgeOptions: {debuggerAddress: localhost:55508}, msedge: {msedgedriverVersion: 94.0.992.38 (55a0a486d5c4c1..., userDataDir: C:\Users\922137\AppData\Loc...}, networkConnectionEnabled: false, pageLoadStrategy: normal, platform: WINDOWS, platformName: WINDOWS, proxy: Proxy(), setWindowRect: true, strictFileInteractability: false, timeouts: {implicit: 0, pageLoad: 300000, script: 30000}, unhandledPromptBehavior: dismiss and notify, webauthn:extension:credBlob: true, webauthn:extension:largeBlob: true, webauthn:virtualAuthenticators: true}
Session ID: 45f2387ba879a426fd50254ceb92014a
*** Element info: {Using=xpath, value=/html/body/div[13]/div[2]/div/div[2]/div/div/a[1]/span/span/span[2]}
at org.openqa.selenium.remote.http.W3CHttpResponseCodec.createException(W3CHttpResponseCodec.java:187)
at org.openqa.selenium.remote.http.W3CHttpResponseCodec.decode(W3CHttpResponseCodec.java:122)
at org.openqa.selenium.remote.http.W3CHttpResponseCodec.decode(W3CHttpResponseCodec.java:49)
at org.openqa.selenium.remote.HttpCommandExecutor.execute(HttpCommandExecutor.java:158)
at org.openqa.selenium.remote.service.DriverCommandExecutor.execute(DriverCommandExecutor.java:83)
at org.openqa.selenium.remote.RemoteWebDriver.execute(RemoteWebDriver.java:552)
at org.openqa.selenium.remote.RemoteWebDriver.findElement(RemoteWebDriver.java:323)
at org.openqa.selenium.remote.RemoteWebDriver.findElementByXPath(RemoteWebDriver.java:428)
at org.openqa.selenium.By$ByXPath.findElement(By.java:353)
at org.openqa.selenium.remote.RemoteWebDriver.findElement(RemoteWebDriver.java:315)
at com.defects.tests.SortAndSearchTest.sort(SortAndSearchTest.java:46)
at com.defects.tests.SortAndSearchTest.sortTest(SortAndSearchTest.java:97)
at java.base/java.util.ArrayList.forEach(ArrayList.java:1511)
... Removed 32 stack frames]]>
    </failure>
  </testcase> <!-- sortTest -->
  <testcase classname="com.defects.tests.SortAndSearchTest" name="searchTest" time="5.033"/>
  <testcase classname="com.defects.tests.SuiteClass" name="@BeforeSuite setup" time="0.0">
    <ignored/>
  </testcase> <!-- @BeforeSuite setup -->
  <testcase classname="com.defects.tests.SuiteClass" name="@BeforeSuite setup" time="0.0">
    <ignored/>
  </testcase> <!-- @BeforeSuite setup -->
  <testcase classname="com.defects.tests.SuiteClass" name="@BeforeSuite setup" time="0.0">
    <ignored/>
  </testcase> <!-- @BeforeSuite setup -->
  <testcase classname="com.defects.tests.SuiteClass" name="@BeforeSuite setup" time="0.0">
    <ignored/>
  </testcase> <!-- @BeforeSuite setup -->
  <testcase classname="com.defects.tests.SuiteClass" name="@BeforeSuite setup" time="0.0">
    <ignored/>
  </testcase> <!-- @BeforeSuite setup -->
  <testcase classname="com.defects.tests.SuiteClass" name="@BeforeSuite setup" time="0.0">
    <ignored/>
  </testcase> <!-- @BeforeSuite setup -->
  <testcase classname="com.defects.tests.SuiteClass" name="@BeforeSuite setup" time="0.0">
    <ignored/>
  </testcase> <!-- @BeforeSuite setup -->
  <testcase classname="com.defects.tests.SuiteClass" name="@BeforeSuite setup" time="0.0">
    <ignored/>
  </testcase> <!-- @BeforeSuite setup -->
  <testcase classname="com.defects.tests.SuiteClass" name="@AfterSuite close" time="0.0">
    <ignored/>
  </testcase> <!-- @AfterSuite close -->
  <testcase classname="com.defects.tests.SuiteClass" name="@AfterSuite close" time="0.0">
    <ignored/>
  </testcase> <!-- @AfterSuite close -->
  <testcase classname="com.defects.tests.SuiteClass" name="@AfterSuite close" time="0.0">
    <ignored/>
  </testcase> <!-- @AfterSuite close -->
  <testcase classname="com.defects.tests.SuiteClass" name="@AfterSuite close" time="0.0">
    <ignored/>
  </testcase> <!-- @AfterSuite close -->
  <testcase classname="com.defects.tests.SuiteClass" name="@AfterSuite close" time="0.0">
    <ignored/>
  </testcase> <!-- @AfterSuite close -->
  <testcase classname="com.defects.tests.SuiteClass" name="@AfterSuite close" time="0.0">
    <ignored/>
  </testcase> <!-- @AfterSuite close -->
  <testcase classname="com.defects.tests.SuiteClass" name="@AfterSuite close" time="0.0">
    <ignored/>
  </testcase> <!-- @AfterSuite close -->
  <testcase classname="com.defects.tests.SuiteClass" name="@AfterSuite close" time="0.0">
    <ignored/>
  </testcase> <!-- @AfterSuite close -->
</testsuite> <!-- smoke -->
